d:\_v2020_\_rabota_2020__\_nuclear___\dll_win32_002\x64\debug\dll_win32_002.pch
d:\_v2020_\_rabota_2020__\_nuclear___\dll_win32_002\x64\debug\vc140.pdb
d:\_v2020_\_rabota_2020__\_nuclear___\dll_win32_002\x64\debug\vc140.idb
d:\_v2020_\_rabota_2020__\_nuclear___\dll_win32_002\x64\debug\pch.obj
d:\_v2020_\_rabota_2020__\_nuclear___\dll_win32_002\x64\debug\conv.obj
d:\_v2020_\_rabota_2020__\_nuclear___\dll_win32_002\x64\debug\dllmain.obj
d:\_v2020_\_rabota_2020__\_nuclear___\dll_win32_002\x64\debug\mathlibrary.obj
d:\_v2020_\_rabota_2020__\_nuclear___\dll_win32_002\x64\debug\processes_modules.obj
d:\_v2020_\_rabota_2020__\_nuclear___\dll_win32_002\x64\debug\services.obj
d:\_v2020_\_rabota_2020__\_nuclear___\win32_005\x64\debug\dll_win32_002.lib
d:\_v2020_\_rabota_2020__\_nuclear___\win32_005\x64\debug\dll_win32_002.exp
d:\_v2020_\_rabota_2020__\_nuclear___\win32_005\x64\debug\dll_win32_002.ilk
d:\_v2020_\_rabota_2020__\_nuclear___\win32_005\x64\debug\dll_win32_002.dll
d:\_v2020_\_rabota_2020__\_nuclear___\win32_005\x64\debug\dll_win32_002.pdb
d:\_v2020_\_rabota_2020__\_nuclear___\dll_win32_002\x64\debug\dll_win32_002.tlog\cl.command.1.tlog
d:\_v2020_\_rabota_2020__\_nuclear___\dll_win32_002\x64\debug\dll_win32_002.tlog\cl.read.1.tlog
d:\_v2020_\_rabota_2020__\_nuclear___\dll_win32_002\x64\debug\dll_win32_002.tlog\cl.write.1.tlog
d:\_v2020_\_rabota_2020__\_nuclear___\dll_win32_002\x64\debug\dll_win32_002.tlog\dll_win32_002.write.1u.tlog
d:\_v2020_\_rabota_2020__\_nuclear___\dll_win32_002\x64\debug\dll_win32_002.tlog\link.command.1.tlog
d:\_v2020_\_rabota_2020__\_nuclear___\dll_win32_002\x64\debug\dll_win32_002.tlog\link.read.1.tlog
d:\_v2020_\_rabota_2020__\_nuclear___\dll_win32_002\x64\debug\dll_win32_002.tlog\link.write.1.tlog
